2020-05-29 17:44:53 [scrapy.utils.log] INFO: Scrapy 1.6.0 started (bot: compic)
2020-05-29 17:44:53 [scrapy.utils.log] INFO: Versions: lxml 4.5.0.0, libxml2 2.9.9, cssselect 1.1.0, parsel 1.5.2, w3lib 1.21.0, Twisted 20.3.0, Python 3.7.6 (default, Jan  8 2020, 13:42:34) - [Clang 4.0.1 (tags/RELEASE_401/final)], pyOpenSSL 19.1.0 (OpenSSL 1.1.1d  10 Sep 2019), cryptography 2.8, Platform Darwin-19.4.0-x86_64-i386-64bit
2020-05-29 17:44:53 [scrapy.crawler] INFO: Overridden settings: {'BOT_NAME': 'compic', 'DUPEFILTER_CLASS': 'scrapy.dupefilters.BaseDupeFilter', 'FEED_EXPORT_ENCODING': 'utf-8', 'LOGSTATS_INTERVAL': 0, 'LOG_FILE': 'spider.log', 'LOG_LEVEL': 'INFO', 'NEWSPIDER_MODULE': 'compic.spiders', 'ROBOTSTXT_OBEY': True, 'SPIDER_MODULES': ['compic.spiders']}
2020-05-29 17:44:53 [scrapy.extensions.telnet] INFO: Telnet Password: 96c43b7f36bf60c7
2020-05-29 17:44:53 [scrapy.middleware] INFO: Enabled extensions:
['scrapy.extensions.corestats.CoreStats',
 'scrapy.extensions.telnet.TelnetConsole',
 'scrapy.extensions.memusage.MemoryUsage']
2020-05-29 17:44:53 [scrapy.middleware] INFO: Enabled downloader middlewares:
['scrapy.downloadermiddlewares.robotstxt.RobotsTxtMiddleware',
 'scrapy.downloadermiddlewares.httpauth.HttpAuthMiddleware',
 'scrapy.downloadermiddlewares.downloadtimeout.DownloadTimeoutMiddleware',
 'scrapy.downloadermiddlewares.defaultheaders.DefaultHeadersMiddleware',
 'scrapy.downloadermiddlewares.useragent.UserAgentMiddleware',
 'scrapy.downloadermiddlewares.retry.RetryMiddleware',
 'scrapy.downloadermiddlewares.redirect.MetaRefreshMiddleware',
 'scrapy.downloadermiddlewares.httpcompression.HttpCompressionMiddleware',
 'scrapy.downloadermiddlewares.redirect.RedirectMiddleware',
 'scrapy.downloadermiddlewares.cookies.CookiesMiddleware',
 'scrapy.downloadermiddlewares.httpproxy.HttpProxyMiddleware',
 'scrapy.downloadermiddlewares.stats.DownloaderStats']
2020-05-29 17:44:53 [scrapy.middleware] INFO: Enabled spider middlewares:
['scrapy.spidermiddlewares.httperror.HttpErrorMiddleware',
 'scrapy.spidermiddlewares.offsite.OffsiteMiddleware',
 'scrapy.spidermiddlewares.referer.RefererMiddleware',
 'scrapy.spidermiddlewares.urllength.UrlLengthMiddleware',
 'scrapy.spidermiddlewares.depth.DepthMiddleware']
2020-05-29 17:44:53 [scrapy.middleware] INFO: Enabled item pipelines:
[]
2020-05-29 17:44:53 [scrapy.extensions.telnet] INFO: Telnet console listening on 127.0.0.1:6023
2020-05-29 17:44:53 [scrapy.core.engine] INFO: Spider opened
2020-05-29 17:50:28 [scrapy.utils.log] INFO: Scrapy 1.6.0 started (bot: compic)
2020-05-29 17:50:28 [scrapy.utils.log] INFO: Versions: lxml 4.5.0.0, libxml2 2.9.9, cssselect 1.1.0, parsel 1.5.2, w3lib 1.21.0, Twisted 20.3.0, Python 3.7.6 (default, Jan  8 2020, 13:42:34) - [Clang 4.0.1 (tags/RELEASE_401/final)], pyOpenSSL 19.1.0 (OpenSSL 1.1.1d  10 Sep 2019), cryptography 2.8, Platform Darwin-19.4.0-x86_64-i386-64bit
2020-05-29 17:50:28 [scrapy.crawler] INFO: Overridden settings: {'BOT_NAME': 'compic', 'DUPEFILTER_CLASS': 'scrapy.dupefilters.BaseDupeFilter', 'FEED_EXPORT_ENCODING': 'utf-8', 'LOGSTATS_INTERVAL': 0, 'LOG_FILE': 'spider.log', 'LOG_LEVEL': 'INFO', 'NEWSPIDER_MODULE': 'compic.spiders', 'ROBOTSTXT_OBEY': True, 'SPIDER_MODULES': ['compic.spiders']}
2020-05-29 17:50:28 [scrapy.extensions.telnet] INFO: Telnet Password: fc36ee9e871dbae6
2020-05-29 17:50:28 [scrapy.middleware] INFO: Enabled extensions:
['scrapy.extensions.corestats.CoreStats',
 'scrapy.extensions.telnet.TelnetConsole',
 'scrapy.extensions.memusage.MemoryUsage']
2020-05-29 17:50:28 [scrapy.middleware] INFO: Enabled downloader middlewares:
['scrapy.downloadermiddlewares.robotstxt.RobotsTxtMiddleware',
 'scrapy.downloadermiddlewares.httpauth.HttpAuthMiddleware',
 'scrapy.downloadermiddlewares.downloadtimeout.DownloadTimeoutMiddleware',
 'scrapy.downloadermiddlewares.defaultheaders.DefaultHeadersMiddleware',
 'scrapy.downloadermiddlewares.useragent.UserAgentMiddleware',
 'scrapy.downloadermiddlewares.retry.RetryMiddleware',
 'scrapy.downloadermiddlewares.redirect.MetaRefreshMiddleware',
 'scrapy.downloadermiddlewares.httpcompression.HttpCompressionMiddleware',
 'scrapy.downloadermiddlewares.redirect.RedirectMiddleware',
 'scrapy.downloadermiddlewares.cookies.CookiesMiddleware',
 'scrapy.downloadermiddlewares.httpproxy.HttpProxyMiddleware',
 'scrapy.downloadermiddlewares.stats.DownloaderStats']
2020-05-29 17:50:28 [scrapy.middleware] INFO: Enabled spider middlewares:
['scrapy.spidermiddlewares.httperror.HttpErrorMiddleware',
 'scrapy.spidermiddlewares.offsite.OffsiteMiddleware',
 'scrapy.spidermiddlewares.referer.RefererMiddleware',
 'scrapy.spidermiddlewares.urllength.UrlLengthMiddleware',
 'scrapy.spidermiddlewares.depth.DepthMiddleware']
2020-05-29 17:50:28 [scrapy.middleware] INFO: Enabled item pipelines:
[]
2020-05-29 17:50:28 [scrapy.extensions.telnet] INFO: Telnet console listening on 127.0.0.1:6023
2020-05-29 17:50:28 [scrapy.core.engine] INFO: Spider opened
2020-05-29 20:56:27 [scrapy.utils.log] INFO: Scrapy 1.6.0 started (bot: compic)
2020-05-29 20:56:27 [scrapy.utils.log] INFO: Versions: lxml 4.5.0.0, libxml2 2.9.9, cssselect 1.1.0, parsel 1.5.2, w3lib 1.21.0, Twisted 20.3.0, Python 3.7.6 (default, Jan  8 2020, 13:42:34) - [Clang 4.0.1 (tags/RELEASE_401/final)], pyOpenSSL 19.1.0 (OpenSSL 1.1.1d  10 Sep 2019), cryptography 2.8, Platform Darwin-19.4.0-x86_64-i386-64bit
2020-05-29 20:56:27 [scrapy.crawler] INFO: Overridden settings: {'BOT_NAME': 'compic', 'DUPEFILTER_CLASS': 'scrapy.dupefilters.BaseDupeFilter', 'FEED_EXPORT_ENCODING': 'utf-8', 'LOGSTATS_INTERVAL': 0, 'LOG_FILE': 'spider.log', 'LOG_LEVEL': 'INFO', 'NEWSPIDER_MODULE': 'compic.spiders', 'ROBOTSTXT_OBEY': True, 'SPIDER_MODULES': ['compic.spiders']}
2020-05-29 20:56:27 [scrapy.extensions.telnet] INFO: Telnet Password: af413d5138f2f1da
2020-05-29 20:56:27 [scrapy.middleware] INFO: Enabled extensions:
['scrapy.extensions.corestats.CoreStats',
 'scrapy.extensions.telnet.TelnetConsole',
 'scrapy.extensions.memusage.MemoryUsage']
2020-05-29 20:56:27 [scrapy.middleware] INFO: Enabled downloader middlewares:
['scrapy.downloadermiddlewares.robotstxt.RobotsTxtMiddleware',
 'scrapy.downloadermiddlewares.httpauth.HttpAuthMiddleware',
 'scrapy.downloadermiddlewares.downloadtimeout.DownloadTimeoutMiddleware',
 'scrapy.downloadermiddlewares.defaultheaders.DefaultHeadersMiddleware',
 'scrapy.downloadermiddlewares.useragent.UserAgentMiddleware',
 'scrapy.downloadermiddlewares.retry.RetryMiddleware',
 'scrapy.downloadermiddlewares.redirect.MetaRefreshMiddleware',
 'scrapy.downloadermiddlewares.httpcompression.HttpCompressionMiddleware',
 'scrapy.downloadermiddlewares.redirect.RedirectMiddleware',
 'scrapy.downloadermiddlewares.cookies.CookiesMiddleware',
 'scrapy.downloadermiddlewares.httpproxy.HttpProxyMiddleware',
 'scrapy.downloadermiddlewares.stats.DownloaderStats']
2020-05-29 20:56:27 [scrapy.middleware] INFO: Enabled spider middlewares:
['scrapy.spidermiddlewares.httperror.HttpErrorMiddleware',
 'scrapy.spidermiddlewares.offsite.OffsiteMiddleware',
 'scrapy.spidermiddlewares.referer.RefererMiddleware',
 'scrapy.spidermiddlewares.urllength.UrlLengthMiddleware',
 'scrapy.spidermiddlewares.depth.DepthMiddleware']
2020-05-29 20:56:27 [scrapy.middleware] INFO: Enabled item pipelines:
[]
2020-05-29 20:56:27 [scrapy.extensions.telnet] INFO: Telnet console listening on 127.0.0.1:6023
2020-05-29 20:56:27 [scrapy.core.engine] INFO: Spider opened
